<?xml version="1.0" encoding="UTF-8"?>
<!-- Generated by org.testng.reporters.JUnitReportReporter -->
<testsuite hostname="TSIPL1805" failures="0" tests="3" name="com.testing.ts.scripts.LoginTestRunner" time="66.301" errors="0" timestamp="2021-06-17T14:35:53 IST" skipped="1">
  <testcase classname="com.testing.ts.scripts.LoginTestRunner" name="testscript" time="28.022"/>
  <system-out>
    <![CDATA[STEP2]]>
  </system-out>
  <testcase classname="com.testing.ts.scripts.LoginTestRunner" name="testscript" time="37.843"/>
  <system-out>
    <![CDATA[STEP3]]>
  </system-out>
  <testcase classname="com.testing.ts.scripts.LoginTestRunner" name="testscript" time="0.436">
    <skipped/>
  </testcase> <!-- testscript -->
  <system-out>
    <![CDATA[STEP1]]>
  </system-out>
</testsuite> <!-- com.testing.ts.scripts.LoginTestRunner -->
