<?xml version="1.0" encoding="UTF-8"?>
<!-- Generated by org.testng.reporters.JUnitReportReporter -->
<testsuite hostname="TSIPL1805" failures="0" tests="2" name="com.testing.ts.scripts.LoginTestRunner" time="123.401" errors="0" timestamp="2021-06-16T22:05:14 IST" skipped="0">
  <testcase classname="com.testing.ts.scripts.LoginTestRunner" name="testscript" time="61.073"/>
  <system-out>
    <![CDATA[STEP2]]>
  </system-out>
  <testcase classname="com.testing.ts.scripts.LoginTestRunner" name="testscript" time="62.328"/>
  <system-out>
    <![CDATA[STEP1]]>
  </system-out>
</testsuite> <!-- com.testing.ts.scripts.LoginTestRunner -->
